r:\projects\osram\osram\release\vc140.pdb
r:\projects\osram\osram\release\stbi_image.obj
r:\projects\osram\osram\release\vao.obj
r:\projects\osram\osram\release\vbo.obj
r:\projects\osram\osram\release\window.obj
r:\projects\osram\osram\release\main.obj
r:\projects\osram\osram\release\input.obj
r:\projects\osram\osram\release\sprite2d.obj
r:\projects\osram\osram\release\shaders.obj
r:\projects\osram\osram\release\ibo.obj
r:\projects\osram\osram\release\vc141.pdb
r:\projects\osram\osram\release\imgui_impl_glfw_gl3.obj
r:\projects\osram\osram\release\imgui_draw.obj
r:\projects\osram\osram\release\imgui_demo.obj
r:\projects\osram\osram\release\imgui.obj
r:\projects\osram\osram\release\mvp.obj
r:\projects\osram\osram\release\basicrenderer2d.obj
r:\projects\osram\osram\release\batchrenderer2d.obj
r:\projects\osram\osram\release\pingpong_example.obj
r:\projects\osram\osram\release\sprite2dtex.obj
r:\projects\osram\bin\release\osram.exe
r:\projects\osram\bin\release\osram.pdb
r:\projects\osram\bin\release\osram.ipdb
r:\projects\osram\bin\release\osram.iobj
r:\projects\osram\\bin\release\osram.pdb
r:\projects\osram\\bin\release\osram.exe
r:\projects\osram\osram\release\osram.tlog\cl.command.1.tlog
r:\projects\osram\osram\release\osram.tlog\cl.read.1.tlog
r:\projects\osram\osram\release\osram.tlog\cl.write.1.tlog
r:\projects\osram\osram\release\osram.tlog\link.command.1.tlog
r:\projects\osram\osram\release\osram.tlog\link.read.1.tlog
r:\projects\osram\osram\release\osram.tlog\link.write.1.tlog
r:\projects\osram\osram\release\osram.tlog\osram.write.1u.tlog
