r:\projects\osram\osram\debug\vc140.pdb
r:\projects\osram\osram\debug\vc140.idb
r:\projects\osram\osram\debug\soloud_thread.obj
r:\projects\osram\osram\debug\soloud_c.obj
r:\projects\osram\osram\debug\soloud_bassboostfilter.obj
r:\projects\osram\osram\debug\soloud_biquadresonantfilter.obj
r:\projects\osram\osram\debug\soloud_dcremovalfilter.obj
r:\projects\osram\osram\debug\soloud_echofilter.obj
r:\projects\osram\osram\debug\soloud_fftfilter.obj
r:\projects\osram\osram\debug\soloud_flangerfilter.obj
r:\projects\osram\osram\debug\soloud_lofifilter.obj
r:\projects\osram\osram\debug\main.obj
r:\projects\osram\osram\debug\cbmtune.obj
r:\projects\osram\osram\debug\cpu.obj
r:\projects\osram\osram\debug\sid.obj
r:\projects\osram\osram\debug\tedmem.obj
r:\projects\osram\osram\debug\tedplay.obj
r:\projects\osram\osram\debug\tedsound.obj
r:\projects\osram\osram\debug\stbi_image.obj
r:\projects\osram\osram\debug\soloud_sdl_static.obj
r:\projects\osram\osram\debug\soloud_wasapi.obj
r:\projects\osram\osram\debug\soloud_winmm.obj
r:\projects\osram\osram\debug\soloud_xaudio2.obj
r:\projects\osram\osram\debug\soloud.obj
r:\projects\osram\osram\debug\soloud_audiosource.obj
r:\projects\osram\osram\debug\soloud_bus.obj
r:\projects\osram\osram\debug\soloud_core_3d.obj
r:\projects\osram\osram\debug\soloud_core_basicops.obj
r:\projects\osram\osram\debug\soloud_core_faderops.obj
r:\projects\osram\osram\debug\soloud_core_filterops.obj
r:\projects\osram\osram\debug\soloud_core_getters.obj
r:\projects\osram\osram\debug\soloud_core_setters.obj
r:\projects\osram\osram\debug\soloud_core_voicegroup.obj
r:\projects\osram\osram\debug\soloud_core_voiceops.obj
r:\projects\osram\osram\debug\soloud_fader.obj
r:\projects\osram\osram\debug\soloud_fft.obj
r:\projects\osram\osram\debug\soloud_fft_lut.obj
r:\projects\osram\osram\debug\soloud_file.obj
r:\projects\osram\osram\debug\soloud_filter.obj
r:\projects\osram\osram\debug\darray.obj
r:\projects\osram\osram\debug\klatt.obj
r:\projects\osram\osram\debug\resonator.obj
r:\projects\osram\osram\debug\soloud_speech.obj
r:\projects\osram\osram\debug\tts.obj
r:\projects\osram\osram\debug\soloud_tedsid.obj
r:\projects\osram\osram\debug\ted.obj
r:\projects\osram\osram\debug\soloud_vic.obj
r:\projects\osram\osram\debug\soloud_wav.obj
r:\projects\osram\osram\debug\soloud_wavstream.obj
r:\projects\osram\osram\debug\soloud_alsa.obj
r:\projects\osram\osram\debug\soloud_coreaudio.obj
r:\projects\osram\osram\debug\soloud_null.obj
r:\projects\osram\osram\debug\soloud_openal.obj
r:\projects\osram\osram\debug\soloud_opensles.obj
r:\projects\osram\osram\debug\soloud_oss.obj
r:\projects\osram\osram\debug\soloud_portaudio.obj
r:\projects\osram\osram\debug\soloud_sdl2_static.obj
r:\projects\osram\osram\debug\soloud_sdl.obj
r:\projects\osram\osram\debug\mvp.obj
r:\projects\osram\osram\debug\ibo.obj
r:\projects\osram\osram\debug\shaders.obj
r:\projects\osram\osram\debug\sprite2d.obj
r:\projects\osram\osram\debug\input.obj
r:\projects\osram\osram\debug\window.obj
r:\projects\osram\osram\debug\vbo.obj
r:\projects\osram\osram\debug\vao.obj
r:\projects\osram\osram\debug\imgui.obj
r:\projects\osram\osram\debug\imgui_demo.obj
r:\projects\osram\osram\debug\imgui_draw.obj
r:\projects\osram\osram\debug\imgui_impl_glfw_gl3.obj
r:\projects\osram\osram\debug\soloud_modplug.obj
r:\projects\osram\osram\debug\soloud_monotone.obj
r:\projects\osram\osram\debug\soloud_sfxr.obj
r:\projects\osram\osram\debug\stb_vorbis.obj
r:\projects\osram\osram\debug\stb_image_write.obj
r:\projects\osram\osram\debug\renderable2d.obj
r:\projects\osram\osram\debug\renderer2d.obj
r:\projects\osram\\bin\debug\osram.pdb
r:\projects\osram\osram\debug\osram.tlog\cl.command.1.tlog
r:\projects\osram\osram\debug\osram.tlog\cl.read.1.tlog
r:\projects\osram\osram\debug\osram.tlog\cl.write.1.tlog
r:\projects\osram\osram\debug\osram.tlog\link.command.1.tlog
r:\projects\osram\osram\debug\osram.tlog\link.read.1.tlog
r:\projects\osram\osram\debug\osram.tlog\link.write.1.tlog
