r:\projects\osram\osram\debug\vc141.pdb
r:\projects\osram\osram\debug\vc141.idb
r:\projects\osram\osram\debug\pingpong_example.obj
r:\projects\osram\osram\debug\platformer2d.obj
r:\projects\osram\osram\debug\sprite2dtex.obj
r:\projects\osram\osram\debug\basicrenderer2d.obj
r:\projects\osram\osram\debug\mvp.obj
r:\projects\osram\osram\debug\ibo.obj
r:\projects\osram\osram\debug\sprite2d.obj
r:\projects\osram\osram\debug\input.obj
r:\projects\osram\osram\debug\main.obj
r:\projects\osram\osram\debug\window.obj
r:\projects\osram\osram\debug\vbo.obj
r:\projects\osram\osram\debug\vao.obj
r:\projects\osram\osram\debug\imgui.obj
r:\projects\osram\osram\debug\imgui_demo.obj
r:\projects\osram\osram\debug\imgui_draw.obj
r:\projects\osram\osram\debug\imgui_impl_glfw_gl3.obj
r:\projects\osram\osram\debug\stb_image_read.obj
r:\projects\osram\osram\debug\vectorrenderer2d.obj
r:\projects\osram\osram\debug\timer.obj
r:\projects\osram\osram\debug\log.obj
r:\projects\osram\osram\debug\audiomanager.obj
r:\projects\osram\osram\debug\shaders.obj
r:\projects\osram\bin\debug\osram-desktop.ilk
r:\projects\osram\bin\debug\osram-desktop.exe
r:\projects\osram\bin\debug\osram-desktop.pdb
r:\projects\osram\\bin\debug\osram-desktop.pdb
r:\projects\osram\\bin\debug\osram-desktop.exe
r:\projects\osram\\bin\debug\osram-desktop.ilk
r:\projects\osram\osram\debug\osram-desktop.tlog\cl.command.1.tlog
r:\projects\osram\osram\debug\osram-desktop.tlog\cl.read.1.tlog
r:\projects\osram\osram\debug\osram-desktop.tlog\cl.write.1.tlog
r:\projects\osram\osram\debug\osram-desktop.tlog\link.command.1.tlog
r:\projects\osram\osram\debug\osram-desktop.tlog\link.read.1.tlog
r:\projects\osram\osram\debug\osram-desktop.tlog\link.write.1.tlog
